0 info it worked if it ends with ok
1 verbose cli [ 'node', '/usr/local/bin/npm', 'install', 'twillio' ]
2 info using npm@2.0.0
3 info using node@v0.10.29
4 warn package.json talkreserve@0.0.0 No description
5 warn package.json talkreserve@0.0.0 No repository field.
6 warn package.json talkreserve@0.0.0 No README data
7 verbose readDependencies using package.json deps
8 verbose cache add [ 'twillio', null ]
9 verbose cache add spec="twillio" args=["twillio",null]
10 verbose parsed spec { raw: 'twillio',
10 verbose parsed spec   scope: null,
10 verbose parsed spec   name: 'twillio',
10 verbose parsed spec   rawSpec: '',
10 verbose parsed spec   spec: '*',
10 verbose parsed spec   type: 'range' }
11 verbose parsed spec { raw: 'twillio',
11 verbose parsed spec   scope: null,
11 verbose parsed spec   name: 'twillio',
11 verbose parsed spec   rawSpec: '',
11 verbose parsed spec   spec: '*',
11 verbose parsed spec   type: 'range' }
12 verbose addNamed [ 'twillio', '*' ]
13 verbose addNamed [ null, '*' ]
14 silly lockFile f6c3f71e-twillio twillio@*
15 verbose lock twillio@* /Users/chinenyemnwadiugwu/.npm/f6c3f71e-twillio.lock
16 silly addNameRange { name: 'twillio', range: '*', hasData: false }
17 verbose mapToRegistry name twillio
18 verbose mapToRegistry uri https://registry.npmjs.org/twillio
19 verbose request on initialization, where is /twillio
20 verbose request after pass 1, where is /twillio
21 verbose request url raw /twillio
22 verbose request resolving registry [ 'https://registry.npmjs.org/', './twillio' ]
23 verbose request after pass 2, where is https://registry.npmjs.org/twillio
24 verbose request no auth needed
25 info attempt registry request try #1 at 14:19:09
26 verbose request id 21c470e0c92f109e
27 http request GET https://registry.npmjs.org/twillio
28 http 404 https://registry.npmjs.org/twillio
29 verbose headers { date: 'Wed, 08 Oct 2014 18:19:11 GMT',
29 verbose headers   server: 'CouchDB/1.5.0 (Erlang OTP/R16B03)',
29 verbose headers   'content-type': 'application/json',
29 verbose headers   'cache-control': 'max-age=0',
29 verbose headers   'content-length': '52',
29 verbose headers   'accept-ranges': 'bytes',
29 verbose headers   via: '1.1 varnish',
29 verbose headers   age: '0',
29 verbose headers   'x-served-by': 'cache-iad2127-IAD',
29 verbose headers   'x-cache': 'MISS',
29 verbose headers   'x-cache-hits': '0',
29 verbose headers   'x-timer': 'S1412792351.059319,VS0,VE92',
29 verbose headers   'keep-alive': 'timeout=10, max=50',
29 verbose headers   connection: 'Keep-Alive' }
30 silly registry.get cb [ 404,
30 silly registry.get   { date: 'Wed, 08 Oct 2014 18:19:11 GMT',
30 silly registry.get     server: 'CouchDB/1.5.0 (Erlang OTP/R16B03)',
30 silly registry.get     'content-type': 'application/json',
30 silly registry.get     'cache-control': 'max-age=0',
30 silly registry.get     'content-length': '52',
30 silly registry.get     'accept-ranges': 'bytes',
30 silly registry.get     via: '1.1 varnish',
30 silly registry.get     age: '0',
30 silly registry.get     'x-served-by': 'cache-iad2127-IAD',
30 silly registry.get     'x-cache': 'MISS',
30 silly registry.get     'x-cache-hits': '0',
30 silly registry.get     'x-timer': 'S1412792351.059319,VS0,VE92',
30 silly registry.get     'keep-alive': 'timeout=10, max=50',
30 silly registry.get     connection: 'Keep-Alive' } ]
31 silly lockFile f6c3f71e-twillio twillio@*
32 silly lockFile f6c3f71e-twillio twillio@*
33 verbose stack Error: 404 Not Found: twillio
33 verbose stack     at RegClient.<anonymous> (/usr/local/lib/node_modules/npm/node_modules/npm-registry-client/lib/request.js:259:14)
33 verbose stack     at Request._callback (/usr/local/lib/node_modules/npm/node_modules/npm-registry-client/lib/request.js:198:65)
33 verbose stack     at Request.self.callback (/usr/local/lib/node_modules/npm/node_modules/request/request.js:236:22)
33 verbose stack     at Request.emit (events.js:98:17)
33 verbose stack     at Request.<anonymous> (/usr/local/lib/node_modules/npm/node_modules/request/request.js:1142:14)
33 verbose stack     at Request.emit (events.js:117:20)
33 verbose stack     at IncomingMessage.<anonymous> (/usr/local/lib/node_modules/npm/node_modules/request/request.js:1096:12)
33 verbose stack     at IncomingMessage.emit (events.js:117:20)
33 verbose stack     at _stream_readable.js:929:16
33 verbose stack     at process._tickCallback (node.js:419:13)
34 verbose statusCode 404
35 verbose pkgid twillio
36 verbose cwd /Users/chinenyemnwadiugwu/Desktop/talkreserve
37 error Darwin 13.3.0
38 error argv "node" "/usr/local/bin/npm" "install" "twillio"
39 error node v0.10.29
40 error npm  v2.0.0
41 error code E404
42 error 404 Not Found: twillio
42 error 404
42 error 404 'twillio' is not in the npm registry.
42 error 404 You should bug the author to publish it (or use the name yourself!)
42 error 404 It was specified as a dependency of 'talkreserve'
42 error 404
42 error 404 Note that you can also install from a
42 error 404 tarball, folder, http url, or git url.
43 verbose exit [ 1, true ]
